/*C5*/SET SCHEMA PUBLIC
DELETE FROM CONFIGURATION_ WHERE CONFIGURATIONID='com.liferay.document.library.document.conversion.internal.security.auth.verifier.image.request.module.configuration.ImageRequestAuthVerifierConfiguration.fcf32b3a-8907-4a13-b2e8-182582cdac42'
INSERT INTO CONFIGURATION_ VALUES('com.liferay.document.library.document.conversion.internal.security.auth.verifier.image.request.module.configuration.ImageRequestAuthVerifierConfiguration.fcf32b3a-8907-4a13-b2e8-182582cdac42','enabled=B"true"\u000d\u000afelix.fileinstall.filename="file:/P:/Liferay/training-project/bundles/osgi/configs/com.liferay.document.library.document.conversion.internal.security.auth.verifier.image.request.module.configuration.ImageRequestAuthVerifierConfiguration-default.config"\u000d\u000ahostsAllowed="127.0.0.1,SERVER_IP"\u000d\u000aservice.bundleLocation="?"\u000d\u000aservice.factoryPid="com.liferay.document.library.document.conversion.internal.security.auth.verifier.image.request.module.configuration.ImageRequestAuthVerifierConfiguration"\u000d\u000aservice.pid="com.liferay.document.library.document.conversion.internal.security.auth.verifier.image.request.module.configuration.ImageRequestAuthVerifierConfiguration.fcf32b3a-8907-4a13-b2e8-182582cdac42"\u000d\u000aurlsExcludes="/image/user_male_portrait,/image/company_logo"\u000d\u000aurlsIncludes="/documents/*,/image/*,/c/wiki/get_page_attachment"\u000d\u000a')
COMMIT
DELETE FROM CONFIGURATION_ WHERE CONFIGURATIONID='com.liferay.oauth2.provider.scope.internal.configuration.BundlePrefixHandlerFactoryConfiguration.fcbafeb0-d4fd-4741-ac2c-9bfaa04c0adc'
INSERT INTO CONFIGURATION_ VALUES('com.liferay.oauth2.provider.scope.internal.configuration.BundlePrefixHandlerFactoryConfiguration.fcbafeb0-d4fd-4741-ac2c-9bfaa04c0adc','felix.fileinstall.filename="file:/P:/Liferay/training-project/bundles/osgi/configs/com.liferay.oauth2.provider.scope.internal.configuration.BundlePrefixHandlerFactoryConfiguration-default.config"\u000d\u000ainclude.bundle.symbolic.name=B"false"\u000d\u000aosgi.jaxrs.name="Default"\u000d\u000aseparator="."\u000d\u000aservice.bundleLocation="?"\u000d\u000aservice.factoryPid="com.liferay.oauth2.provider.scope.internal.configuration.BundlePrefixHandlerFactoryConfiguration"\u000d\u000aservice.pid="com.liferay.oauth2.provider.scope.internal.configuration.BundlePrefixHandlerFactoryConfiguration.fcbafeb0-d4fd-4741-ac2c-9bfaa04c0adc"\u000d\u000a')
COMMIT
DELETE FROM CONFIGURATION_ WHERE CONFIGURATIONID='com.liferay.oauth2.provider.scope.internal.configuration.ConfigurableScopeMapperConfiguration.27462de5-f2b6-42b7-a01a-b4b631cc9842'
INSERT INTO CONFIGURATION_ VALUES('com.liferay.oauth2.provider.scope.internal.configuration.ConfigurableScopeMapperConfiguration.27462de5-f2b6-42b7-a01a-b4b631cc9842','felix.fileinstall.filename="file:/P:/Liferay/training-project/bundles/osgi/configs/com.liferay.oauth2.provider.scope.internal.configuration.ConfigurableScopeMapperConfiguration-default.config"\u000d\u000aservice.bundleLocation="?"\u000d\u000aservice.factoryPid="com.liferay.oauth2.provider.scope.internal.configuration.ConfigurableScopeMapperConfiguration"\u000d\u000aservice.pid="com.liferay.oauth2.provider.scope.internal.configuration.ConfigurableScopeMapperConfiguration.27462de5-f2b6-42b7-a01a-b4b631cc9842"\u000d\u000a')
COMMIT
DELETE FROM CONFIGURATION_ WHERE CONFIGURATIONID='com.liferay.organizations.service.internal.configuration.OrganizationTypeConfiguration.ae83b3b4-5af2-45c0-8d19-52248c74abe3'
INSERT INTO CONFIGURATION_ VALUES('com.liferay.organizations.service.internal.configuration.OrganizationTypeConfiguration.ae83b3b4-5af2-45c0-8d19-52248c74abe3','felix.fileinstall.filename="file:/P:/Liferay/training-project/bundles/osgi/configs/com.liferay.organizations.service.internal.configuration.OrganizationTypeConfiguration-default.config"\u000d\u000aservice.bundleLocation="?"\u000d\u000aservice.factoryPid="com.liferay.organizations.service.internal.configuration.OrganizationTypeConfiguration"\u000d\u000aservice.pid="com.liferay.organizations.service.internal.configuration.OrganizationTypeConfiguration.ae83b3b4-5af2-45c0-8d19-52248c74abe3"\u000d\u000a')
COMMIT
DELETE FROM CONFIGURATION_ WHERE CONFIGURATIONID='com.liferay.portal.security.auth.verifier.basic.auth.header.module.configuration.BasicAuthHeaderAuthVerifierConfiguration.e0c95ed4-8fa9-438e-b9b9-065254b75ac4'
INSERT INTO CONFIGURATION_ VALUES('com.liferay.portal.security.auth.verifier.basic.auth.header.module.configuration.BasicAuthHeaderAuthVerifierConfiguration.e0c95ed4-8fa9-438e-b9b9-065254b75ac4','enabled="true"\u000d\u000afelix.fileinstall.filename="file:/P:/Liferay/training-project/bundles/osgi/configs/com.liferay.portal.security.auth.verifier.basic.auth.header.module.configuration.BasicAuthHeaderAuthVerifierConfiguration-default.cfg"\u000d\u000aservice.bundleLocation="?"\u000d\u000aservice.factoryPid="com.liferay.portal.security.auth.verifier.basic.auth.header.module.configuration.BasicAuthHeaderAuthVerifierConfiguration"\u000d\u000aservice.pid="com.liferay.portal.security.auth.verifier.basic.auth.header.module.configuration.BasicAuthHeaderAuthVerifierConfiguration.e0c95ed4-8fa9-438e-b9b9-065254b75ac4"\u000d\u000aurlsExcludes="/api/liferay*"\u000d\u000aurlsIncludes="/api/*,/xmlrpc*"\u000d\u000a')
COMMIT
DELETE FROM CONFIGURATION_ WHERE CONFIGURATIONID='com.liferay.portal.security.auth.verifier.internal.basic.auth.header.module.configuration.BasicAuthHeaderAuthVerifierConfiguration.ba65db98-f789-4b5b-9d3c-62fce5dd8d36'
INSERT INTO CONFIGURATION_ VALUES('com.liferay.portal.security.auth.verifier.internal.basic.auth.header.module.configuration.BasicAuthHeaderAuthVerifierConfiguration.ba65db98-f789-4b5b-9d3c-62fce5dd8d36','enabled=B"true"\u000d\u000afelix.fileinstall.filename="file:/P:/Liferay/training-project/bundles/osgi/configs/com.liferay.portal.security.auth.verifier.internal.basic.auth.header.module.configuration.BasicAuthHeaderAuthVerifierConfiguration-default.config"\u000d\u000aservice.bundleLocation="?"\u000d\u000aservice.factoryPid="com.liferay.portal.security.auth.verifier.internal.basic.auth.header.module.configuration.BasicAuthHeaderAuthVerifierConfiguration"\u000d\u000aservice.pid="com.liferay.portal.security.auth.verifier.internal.basic.auth.header.module.configuration.BasicAuthHeaderAuthVerifierConfiguration.ba65db98-f789-4b5b-9d3c-62fce5dd8d36"\u000d\u000aurlsExcludes="/api/liferay*"\u000d\u000aurlsIncludes="/api/*,/xmlrpc*"\u000d\u000a')
COMMIT
DELETE FROM CONFIGURATION_ WHERE CONFIGURATIONID='com.liferay.portal.security.auth.verifier.internal.portal.session.module.configuration.PortalSessionAuthVerifierConfiguration.dc438ce2-eca8-4988-9902-f15c4939cf70'
INSERT INTO CONFIGURATION_ VALUES('com.liferay.portal.security.auth.verifier.internal.portal.session.module.configuration.PortalSessionAuthVerifierConfiguration.dc438ce2-eca8-4988-9902-f15c4939cf70','checkCSRFToken=B"false"\u000d\u000aenabled=B"true"\u000d\u000afelix.fileinstall.filename="file:/P:/Liferay/training-project/bundles/osgi/configs/com.liferay.portal.security.auth.verifier.internal.portal.session.module.configuration.PortalSessionAuthVerifierConfiguration-default.config"\u000d\u000aservice.bundleLocation="?"\u000d\u000aservice.factoryPid="com.liferay.portal.security.auth.verifier.internal.portal.session.module.configuration.PortalSessionAuthVerifierConfiguration"\u000d\u000aservice.pid="com.liferay.portal.security.auth.verifier.internal.portal.session.module.configuration.PortalSessionAuthVerifierConfiguration.dc438ce2-eca8-4988-9902-f15c4939cf70"\u000d\u000aurlsIncludes="/api/json*,/api/jsonws*,/c/portal/json_service*"\u000d\u000a')
COMMIT
DELETE FROM CONFIGURATION_ WHERE CONFIGURATIONID='com.liferay.portal.security.auth.verifier.internal.tunnel.module.configuration.TunnelAuthVerifierConfiguration.36d65d62-2f1b-4661-b833-a043a3168ed1'
INSERT INTO CONFIGURATION_ VALUES('com.liferay.portal.security.auth.verifier.internal.tunnel.module.configuration.TunnelAuthVerifierConfiguration.36d65d62-2f1b-4661-b833-a043a3168ed1','enabled=B"true"\u000d\u000afelix.fileinstall.filename="file:/P:/Liferay/training-project/bundles/osgi/configs/com.liferay.portal.security.auth.verifier.internal.tunnel.module.configuration.TunnelAuthVerifierConfiguration-default.config"\u000d\u000ahostsAllowed="127.0.0.1,SERVER_IP"\u000d\u000aservice.bundleLocation="?"\u000d\u000aservice.factoryPid="com.liferay.portal.security.auth.verifier.internal.tunnel.module.configuration.TunnelAuthVerifierConfiguration"\u000d\u000aservice.pid="com.liferay.portal.security.auth.verifier.internal.tunnel.module.configuration.TunnelAuthVerifierConfiguration.36d65d62-2f1b-4661-b833-a043a3168ed1"\u000d\u000aserviceAccessPolicyName="SYSTEM_USER_PASSWORD"\u000d\u000aurlsIncludes="/api/liferay/do"\u000d\u000a')
COMMIT
DELETE FROM CONFIGURATION_ WHERE CONFIGURATIONID='com.liferay.portal.security.auth.verifier.portal.session.module.configuration.PortalSessionAuthVerifierConfiguration.f9afc4f2-8ffe-461c-a487-cefca6f7918f'
INSERT INTO CONFIGURATION_ VALUES('com.liferay.portal.security.auth.verifier.portal.session.module.configuration.PortalSessionAuthVerifierConfiguration.f9afc4f2-8ffe-461c-a487-cefca6f7918f','enabled="true"\u000d\u000afelix.fileinstall.filename="file:/P:/Liferay/training-project/bundles/osgi/configs/com.liferay.portal.security.auth.verifier.portal.session.module.configuration.PortalSessionAuthVerifierConfiguration-default.cfg"\u000d\u000aservice.bundleLocation="?"\u000d\u000aservice.factoryPid="com.liferay.portal.security.auth.verifier.portal.session.module.configuration.PortalSessionAuthVerifierConfiguration"\u000d\u000aservice.pid="com.liferay.portal.security.auth.verifier.portal.session.module.configuration.PortalSessionAuthVerifierConfiguration.f9afc4f2-8ffe-461c-a487-cefca6f7918f"\u000d\u000aurlsIncludes="/api/json*,/api/jsonws*,/c/portal/json_service*"\u000d\u000a')
COMMIT
DELETE FROM CONFIGURATION_ WHERE CONFIGURATIONID='com.liferay.portal.security.auth.verifier.tunnel.module.configuration.TunnelAuthVerifierConfiguration.75d1a962-4190-4a06-826f-e013ca5d28c8'
INSERT INTO CONFIGURATION_ VALUES('com.liferay.portal.security.auth.verifier.tunnel.module.configuration.TunnelAuthVerifierConfiguration.75d1a962-4190-4a06-826f-e013ca5d28c8','enabled="true"\u000d\u000afelix.fileinstall.filename="file:/P:/Liferay/training-project/bundles/osgi/configs/com.liferay.portal.security.auth.verifier.tunnel.module.configuration.TunnelAuthVerifierConfiguration-default.cfg"\u000d\u000ahostsAllowed="127.0.0.1,SERVER_IP"\u000d\u000aservice.bundleLocation="?"\u000d\u000aservice.factoryPid="com.liferay.portal.security.auth.verifier.tunnel.module.configuration.TunnelAuthVerifierConfiguration"\u000d\u000aservice.pid="com.liferay.portal.security.auth.verifier.tunnel.module.configuration.TunnelAuthVerifierConfiguration.75d1a962-4190-4a06-826f-e013ca5d28c8"\u000d\u000aserviceAccessPolicyName="SYSTEM_USER_PASSWORD"\u000d\u000aurlsIncludes="/api/liferay/do"\u000d\u000a')
COMMIT
DELETE FROM CONFIGURATION_ WHERE CONFIGURATIONID='org.apache.aries.jax.rs.whiteboard.default'
INSERT INTO CONFIGURATION_ VALUES('org.apache.aries.jax.rs.whiteboard.default','default.application.base="/rest"\u000d\u000adefault.web=B"false"\u000d\u000afelix.fileinstall.filename="file:/P:/Liferay/training-project/bundles/osgi/configs/org.apache.aries.jax.rs.whiteboard.default.config"\u000d\u000aservice.bundleLocation="?"\u000d\u000aservice.pid="org.apache.aries.jax.rs.whiteboard.default"\u000d\u000a')
COMMIT
DELETE FROM CONFIGURATION_ WHERE CONFIGURATIONID='com.liferay.document.library.document.conversion.internal.security.auth.verifier.image.request.module.configuration.ImageRequestAuthVerifierConfiguration.fcf32b3a-8907-4a13-b2e8-182582cdac42'
INSERT INTO CONFIGURATION_ VALUES('com.liferay.document.library.document.conversion.internal.security.auth.verifier.image.request.module.configuration.ImageRequestAuthVerifierConfiguration.fcf32b3a-8907-4a13-b2e8-182582cdac42','enabled=B"true"\u000d\u000afelix.fileinstall.filename="com.liferay.document.library.document.conversion.internal.security.auth.verifier.image.request.module.configuration.ImageRequestAuthVerifierConfiguration-default.config"\u000d\u000ahostsAllowed="127.0.0.1,SERVER_IP"\u000d\u000aservice.bundleLocation="?"\u000d\u000aservice.factoryPid="com.liferay.document.library.document.conversion.internal.security.auth.verifier.image.request.module.configuration.ImageRequestAuthVerifierConfiguration"\u000d\u000aservice.pid="com.liferay.document.library.document.conversion.internal.security.auth.verifier.image.request.module.configuration.ImageRequestAuthVerifierConfiguration.fcf32b3a-8907-4a13-b2e8-182582cdac42"\u000d\u000aurlsExcludes="/image/user_male_portrait,/image/company_logo"\u000d\u000aurlsIncludes="/documents/*,/image/*,/c/wiki/get_page_attachment"\u000d\u000a')
COMMIT
DELETE FROM CONFIGURATION_ WHERE CONFIGURATIONID='com.liferay.oauth2.provider.scope.internal.configuration.BundlePrefixHandlerFactoryConfiguration.fcbafeb0-d4fd-4741-ac2c-9bfaa04c0adc'
INSERT INTO CONFIGURATION_ VALUES('com.liferay.oauth2.provider.scope.internal.configuration.BundlePrefixHandlerFactoryConfiguration.fcbafeb0-d4fd-4741-ac2c-9bfaa04c0adc','felix.fileinstall.filename="com.liferay.oauth2.provider.scope.internal.configuration.BundlePrefixHandlerFactoryConfiguration-default.config"\u000d\u000ainclude.bundle.symbolic.name=B"false"\u000d\u000aosgi.jaxrs.name="Default"\u000d\u000aseparator="."\u000d\u000aservice.bundleLocation="?"\u000d\u000aservice.factoryPid="com.liferay.oauth2.provider.scope.internal.configuration.BundlePrefixHandlerFactoryConfiguration"\u000d\u000aservice.pid="com.liferay.oauth2.provider.scope.internal.configuration.BundlePrefixHandlerFactoryConfiguration.fcbafeb0-d4fd-4741-ac2c-9bfaa04c0adc"\u000d\u000a')
COMMIT
DELETE FROM CONFIGURATION_ WHERE CONFIGURATIONID='com.liferay.oauth2.provider.scope.internal.configuration.ConfigurableScopeMapperConfiguration.27462de5-f2b6-42b7-a01a-b4b631cc9842'
INSERT INTO CONFIGURATION_ VALUES('com.liferay.oauth2.provider.scope.internal.configuration.ConfigurableScopeMapperConfiguration.27462de5-f2b6-42b7-a01a-b4b631cc9842','felix.fileinstall.filename="com.liferay.oauth2.provider.scope.internal.configuration.ConfigurableScopeMapperConfiguration-default.config"\u000d\u000aservice.bundleLocation="?"\u000d\u000aservice.factoryPid="com.liferay.oauth2.provider.scope.internal.configuration.ConfigurableScopeMapperConfiguration"\u000d\u000aservice.pid="com.liferay.oauth2.provider.scope.internal.configuration.ConfigurableScopeMapperConfiguration.27462de5-f2b6-42b7-a01a-b4b631cc9842"\u000d\u000a')
COMMIT
DELETE FROM CONFIGURATION_ WHERE CONFIGURATIONID='com.liferay.organizations.service.internal.configuration.OrganizationTypeConfiguration.ae83b3b4-5af2-45c0-8d19-52248c74abe3'
INSERT INTO CONFIGURATION_ VALUES('com.liferay.organizations.service.internal.configuration.OrganizationTypeConfiguration.ae83b3b4-5af2-45c0-8d19-52248c74abe3','felix.fileinstall.filename="com.liferay.organizations.service.internal.configuration.OrganizationTypeConfiguration-default.config"\u000d\u000aservice.bundleLocation="?"\u000d\u000aservice.factoryPid="com.liferay.organizations.service.internal.configuration.OrganizationTypeConfiguration"\u000d\u000aservice.pid="com.liferay.organizations.service.internal.configuration.OrganizationTypeConfiguration.ae83b3b4-5af2-45c0-8d19-52248c74abe3"\u000d\u000a')
COMMIT
DELETE FROM CONFIGURATION_ WHERE CONFIGURATIONID='com.liferay.portal.security.auth.verifier.basic.auth.header.module.configuration.BasicAuthHeaderAuthVerifierConfiguration.e0c95ed4-8fa9-438e-b9b9-065254b75ac4'
INSERT INTO CONFIGURATION_ VALUES('com.liferay.portal.security.auth.verifier.basic.auth.header.module.configuration.BasicAuthHeaderAuthVerifierConfiguration.e0c95ed4-8fa9-438e-b9b9-065254b75ac4','enabled="true"\u000d\u000afelix.fileinstall.filename="com.liferay.portal.security.auth.verifier.basic.auth.header.module.configuration.BasicAuthHeaderAuthVerifierConfiguration-default.cfg"\u000d\u000aservice.bundleLocation="?"\u000d\u000aservice.factoryPid="com.liferay.portal.security.auth.verifier.basic.auth.header.module.configuration.BasicAuthHeaderAuthVerifierConfiguration"\u000d\u000aservice.pid="com.liferay.portal.security.auth.verifier.basic.auth.header.module.configuration.BasicAuthHeaderAuthVerifierConfiguration.e0c95ed4-8fa9-438e-b9b9-065254b75ac4"\u000d\u000aurlsExcludes="/api/liferay*"\u000d\u000aurlsIncludes="/api/*,/xmlrpc*"\u000d\u000a')
COMMIT
DELETE FROM CONFIGURATION_ WHERE CONFIGURATIONID='com.liferay.portal.security.auth.verifier.internal.basic.auth.header.module.configuration.BasicAuthHeaderAuthVerifierConfiguration.ba65db98-f789-4b5b-9d3c-62fce5dd8d36'
INSERT INTO CONFIGURATION_ VALUES('com.liferay.portal.security.auth.verifier.internal.basic.auth.header.module.configuration.BasicAuthHeaderAuthVerifierConfiguration.ba65db98-f789-4b5b-9d3c-62fce5dd8d36','enabled=B"true"\u000d\u000afelix.fileinstall.filename="com.liferay.portal.security.auth.verifier.internal.basic.auth.header.module.configuration.BasicAuthHeaderAuthVerifierConfiguration-default.config"\u000d\u000aservice.bundleLocation="?"\u000d\u000aservice.factoryPid="com.liferay.portal.security.auth.verifier.internal.basic.auth.header.module.configuration.BasicAuthHeaderAuthVerifierConfiguration"\u000d\u000aservice.pid="com.liferay.portal.security.auth.verifier.internal.basic.auth.header.module.configuration.BasicAuthHeaderAuthVerifierConfiguration.ba65db98-f789-4b5b-9d3c-62fce5dd8d36"\u000d\u000aurlsExcludes="/api/liferay*"\u000d\u000aurlsIncludes="/api/*,/xmlrpc*"\u000d\u000a')
COMMIT
DELETE FROM CONFIGURATION_ WHERE CONFIGURATIONID='com.liferay.portal.security.auth.verifier.internal.portal.session.module.configuration.PortalSessionAuthVerifierConfiguration.dc438ce2-eca8-4988-9902-f15c4939cf70'
INSERT INTO CONFIGURATION_ VALUES('com.liferay.portal.security.auth.verifier.internal.portal.session.module.configuration.PortalSessionAuthVerifierConfiguration.dc438ce2-eca8-4988-9902-f15c4939cf70','checkCSRFToken=B"false"\u000d\u000aenabled=B"true"\u000d\u000afelix.fileinstall.filename="com.liferay.portal.security.auth.verifier.internal.portal.session.module.configuration.PortalSessionAuthVerifierConfiguration-default.config"\u000d\u000aservice.bundleLocation="?"\u000d\u000aservice.factoryPid="com.liferay.portal.security.auth.verifier.internal.portal.session.module.configuration.PortalSessionAuthVerifierConfiguration"\u000d\u000aservice.pid="com.liferay.portal.security.auth.verifier.internal.portal.session.module.configuration.PortalSessionAuthVerifierConfiguration.dc438ce2-eca8-4988-9902-f15c4939cf70"\u000d\u000aurlsIncludes="/api/json*,/api/jsonws*,/c/portal/json_service*"\u000d\u000a')
COMMIT
DELETE FROM CONFIGURATION_ WHERE CONFIGURATIONID='com.liferay.portal.security.auth.verifier.internal.tunnel.module.configuration.TunnelAuthVerifierConfiguration.36d65d62-2f1b-4661-b833-a043a3168ed1'
INSERT INTO CONFIGURATION_ VALUES('com.liferay.portal.security.auth.verifier.internal.tunnel.module.configuration.TunnelAuthVerifierConfiguration.36d65d62-2f1b-4661-b833-a043a3168ed1','enabled=B"true"\u000d\u000afelix.fileinstall.filename="com.liferay.portal.security.auth.verifier.internal.tunnel.module.configuration.TunnelAuthVerifierConfiguration-default.config"\u000d\u000ahostsAllowed="127.0.0.1,SERVER_IP"\u000d\u000aservice.bundleLocation="?"\u000d\u000aservice.factoryPid="com.liferay.portal.security.auth.verifier.internal.tunnel.module.configuration.TunnelAuthVerifierConfiguration"\u000d\u000aservice.pid="com.liferay.portal.security.auth.verifier.internal.tunnel.module.configuration.TunnelAuthVerifierConfiguration.36d65d62-2f1b-4661-b833-a043a3168ed1"\u000d\u000aserviceAccessPolicyName="SYSTEM_USER_PASSWORD"\u000d\u000aurlsIncludes="/api/liferay/do"\u000d\u000a')
COMMIT
DELETE FROM CONFIGURATION_ WHERE CONFIGURATIONID='com.liferay.portal.security.auth.verifier.portal.session.module.configuration.PortalSessionAuthVerifierConfiguration.f9afc4f2-8ffe-461c-a487-cefca6f7918f'
INSERT INTO CONFIGURATION_ VALUES('com.liferay.portal.security.auth.verifier.portal.session.module.configuration.PortalSessionAuthVerifierConfiguration.f9afc4f2-8ffe-461c-a487-cefca6f7918f','enabled="true"\u000d\u000afelix.fileinstall.filename="com.liferay.portal.security.auth.verifier.portal.session.module.configuration.PortalSessionAuthVerifierConfiguration-default.cfg"\u000d\u000aservice.bundleLocation="?"\u000d\u000aservice.factoryPid="com.liferay.portal.security.auth.verifier.portal.session.module.configuration.PortalSessionAuthVerifierConfiguration"\u000d\u000aservice.pid="com.liferay.portal.security.auth.verifier.portal.session.module.configuration.PortalSessionAuthVerifierConfiguration.f9afc4f2-8ffe-461c-a487-cefca6f7918f"\u000d\u000aurlsIncludes="/api/json*,/api/jsonws*,/c/portal/json_service*"\u000d\u000a')
COMMIT
DELETE FROM CONFIGURATION_ WHERE CONFIGURATIONID='com.liferay.portal.security.auth.verifier.tunnel.module.configuration.TunnelAuthVerifierConfiguration.75d1a962-4190-4a06-826f-e013ca5d28c8'
INSERT INTO CONFIGURATION_ VALUES('com.liferay.portal.security.auth.verifier.tunnel.module.configuration.TunnelAuthVerifierConfiguration.75d1a962-4190-4a06-826f-e013ca5d28c8','enabled="true"\u000d\u000afelix.fileinstall.filename="com.liferay.portal.security.auth.verifier.tunnel.module.configuration.TunnelAuthVerifierConfiguration-default.cfg"\u000d\u000ahostsAllowed="127.0.0.1,SERVER_IP"\u000d\u000aservice.bundleLocation="?"\u000d\u000aservice.factoryPid="com.liferay.portal.security.auth.verifier.tunnel.module.configuration.TunnelAuthVerifierConfiguration"\u000d\u000aservice.pid="com.liferay.portal.security.auth.verifier.tunnel.module.configuration.TunnelAuthVerifierConfiguration.75d1a962-4190-4a06-826f-e013ca5d28c8"\u000d\u000aserviceAccessPolicyName="SYSTEM_USER_PASSWORD"\u000d\u000aurlsIncludes="/api/liferay/do"\u000d\u000a')
COMMIT
DELETE FROM CONFIGURATION_ WHERE CONFIGURATIONID='org.apache.aries.jax.rs.whiteboard.default'
INSERT INTO CONFIGURATION_ VALUES('org.apache.aries.jax.rs.whiteboard.default','default.application.base="/rest"\u000d\u000adefault.web=B"false"\u000d\u000afelix.fileinstall.filename="org.apache.aries.jax.rs.whiteboard.default.config"\u000d\u000aservice.bundleLocation="?"\u000d\u000aservice.pid="org.apache.aries.jax.rs.whiteboard.default"\u000d\u000a')
COMMIT
DELETE FROM CONFIGURATION_ WHERE CONFIGURATIONID='com.liferay.portal.security.auth.verifier.portal.session.module.configuration.PortalSessionAuthVerifierConfiguration.f9afc4f2-8ffe-461c-a487-cefca6f7918f'
COMMIT
INSERT INTO CONFIGURATION_ VALUES('org_apache_felix_cm_impl_DynamicBindings','')
COMMIT
DELETE FROM CONFIGURATION_ WHERE CONFIGURATIONID='com.liferay.portal.security.auth.verifier.basic.auth.header.module.configuration.BasicAuthHeaderAuthVerifierConfiguration.e0c95ed4-8fa9-438e-b9b9-065254b75ac4'
COMMIT
DELETE FROM CONFIGURATION_ WHERE CONFIGURATIONID='org_apache_felix_cm_impl_DynamicBindings'
INSERT INTO CONFIGURATION_ VALUES('org_apache_felix_cm_impl_DynamicBindings','')
COMMIT
DELETE FROM CONFIGURATION_ WHERE CONFIGURATIONID='com.liferay.portal.security.auth.verifier.tunnel.module.configuration.TunnelAuthVerifierConfiguration.75d1a962-4190-4a06-826f-e013ca5d28c8'
COMMIT
DELETE FROM CONFIGURATION_ WHERE CONFIGURATIONID='org_apache_felix_cm_impl_DynamicBindings'
INSERT INTO CONFIGURATION_ VALUES('org_apache_felix_cm_impl_DynamicBindings','')
COMMIT
DELETE FROM CONFIGURATION_ WHERE CONFIGURATIONID='com.liferay.oauth2.provider.scope.internal.configuration.ConfigurableScopeMapperConfiguration.27462de5-f2b6-42b7-a01a-b4b631cc9842'
INSERT INTO CONFIGURATION_ VALUES('com.liferay.oauth2.provider.scope.internal.configuration.ConfigurableScopeMapperConfiguration.27462de5-f2b6-42b7-a01a-b4b631cc9842',':org.apache.felix.configadmin.revision:=L"1"\u000d\u000afelix.fileinstall.filename="com.liferay.oauth2.provider.scope.internal.configuration.ConfigurableScopeMapperConfiguration-default.config"\u000d\u000amapping=[ \\u000d\u000a  "DELETE,PATCH,POST,PUT\=everything,everything.write", \\u000d\u000a  "GET,HEAD,OPTIONS\=everything.read", \\u000d\u000a  "everything.write\=everything,everything.write", \\u000d\u000a  ]\u000d\u000aosgi.jaxrs.name="Default"\u000d\u000aservice.bundleLocation="?"\u000d\u000aservice.factoryPid="com.liferay.oauth2.provider.scope.internal.configuration.ConfigurableScopeMapperConfiguration"\u000d\u000aservice.pid="com.liferay.oauth2.provider.scope.internal.configuration.ConfigurableScopeMapperConfiguration.27462de5-f2b6-42b7-a01a-b4b631cc9842"\u000d\u000a')
COMMIT
DELETE FROM CONFIGURATION_ WHERE CONFIGURATIONID='com.liferay.organizations.service.internal.configuration.OrganizationTypeConfiguration.ae83b3b4-5af2-45c0-8d19-52248c74abe3'
INSERT INTO CONFIGURATION_ VALUES('com.liferay.organizations.service.internal.configuration.OrganizationTypeConfiguration.ae83b3b4-5af2-45c0-8d19-52248c74abe3',':org.apache.felix.configadmin.revision:=L"1"\u000d\u000achildrenTypes=[ \\u000d\u000a  "organization", \\u000d\u000a  ]\u000d\u000acountryEnabled=B"true"\u000d\u000acountryRequired=B"false"\u000d\u000afelix.fileinstall.filename="com.liferay.organizations.service.internal.configuration.OrganizationTypeConfiguration-default.config"\u000d\u000aname="organization"\u000d\u000arootable=B"true"\u000d\u000aservice.bundleLocation="?"\u000d\u000aservice.factoryPid="com.liferay.organizations.service.internal.configuration.OrganizationTypeConfiguration"\u000d\u000aservice.pid="com.liferay.organizations.service.internal.configuration.OrganizationTypeConfiguration.ae83b3b4-5af2-45c0-8d19-52248c74abe3"\u000d\u000a')
COMMIT
INSERT INTO CONFIGURATION_ VALUES('org.apache.aries.jax.rs.jackson',':org.apache.felix.configadmin.revision:=L"1"\u000d\u000a_felix_.cm.newConfiguration=B"true"\u000d\u000aservice.bundleLocation="?"\u000d\u000aservice.pid="org.apache.aries.jax.rs.jackson"\u000d\u000a')
COMMIT
DELETE FROM CONFIGURATION_ WHERE CONFIGURATIONID='org.apache.aries.jax.rs.jackson'
INSERT INTO CONFIGURATION_ VALUES('org.apache.aries.jax.rs.jackson',':org.apache.felix.configadmin.revision:=L"1"\u000d\u000afelix.fileinstall.filename="org.apache.aries.jax.rs.jackson.config"\u000d\u000aosgi.jaxrs.application.select="(osgi.jaxrs.extension.select\=\\(osgi.jaxrs.name\=jaxb-json\\))"\u000d\u000aservice.bundleLocation="?"\u000d\u000aservice.pid="org.apache.aries.jax.rs.jackson"\u000d\u000a')
COMMIT
DELETE FROM CONFIGURATION_ WHERE CONFIGURATIONID='com.liferay.oauth2.provider.scope.internal.configuration.ConfigurableScopeMapperConfiguration.27462de5-f2b6-42b7-a01a-b4b631cc9842'
INSERT INTO CONFIGURATION_ VALUES('com.liferay.oauth2.provider.scope.internal.configuration.ConfigurableScopeMapperConfiguration.27462de5-f2b6-42b7-a01a-b4b631cc9842',':org.apache.felix.configadmin.revision:=L"2"\u000d\u000afelix.fileinstall.filename="com.liferay.oauth2.provider.scope.internal.configuration.ConfigurableScopeMapperConfiguration-default.config"\u000d\u000amapping=[ \\u000d\u000a  "DELETE,PATCH,POST,PUT\=everything,everything.write", \\u000d\u000a  "GET,HEAD,OPTIONS\=everything.read", \\u000d\u000a  "everything.write\=everything,everything.write", \\u000d\u000a  ]\u000d\u000aosgi.jaxrs.name="Default"\u000d\u000aservice.bundleLocation="?"\u000d\u000aservice.factoryPid="com.liferay.oauth2.provider.scope.internal.configuration.ConfigurableScopeMapperConfiguration"\u000d\u000aservice.pid="com.liferay.oauth2.provider.scope.internal.configuration.ConfigurableScopeMapperConfiguration.27462de5-f2b6-42b7-a01a-b4b631cc9842"\u000d\u000a')
COMMIT
DELETE FROM CONFIGURATION_ WHERE CONFIGURATIONID='com.liferay.organizations.service.internal.configuration.OrganizationTypeConfiguration.ae83b3b4-5af2-45c0-8d19-52248c74abe3'
INSERT INTO CONFIGURATION_ VALUES('com.liferay.organizations.service.internal.configuration.OrganizationTypeConfiguration.ae83b3b4-5af2-45c0-8d19-52248c74abe3',':org.apache.felix.configadmin.revision:=L"2"\u000d\u000achildrenTypes=[ \\u000d\u000a  "organization", \\u000d\u000a  ]\u000d\u000acountryEnabled=B"true"\u000d\u000acountryRequired=B"false"\u000d\u000afelix.fileinstall.filename="com.liferay.organizations.service.internal.configuration.OrganizationTypeConfiguration-default.config"\u000d\u000aname="organization"\u000d\u000arootable=B"true"\u000d\u000aservice.bundleLocation="?"\u000d\u000aservice.factoryPid="com.liferay.organizations.service.internal.configuration.OrganizationTypeConfiguration"\u000d\u000aservice.pid="com.liferay.organizations.service.internal.configuration.OrganizationTypeConfiguration.ae83b3b4-5af2-45c0-8d19-52248c74abe3"\u000d\u000a')
COMMIT
